<?xml version="1.0" encoding="UTF-8"?>
<!-- Generated by org.testng.reporters.JUnitReportReporter -->
<testsuite hostname="LAPTOP-K8NHRRHE" failures="0" tests="3" name="tests.LoginTest" time="16.631" errors="0" timestamp="2023-06-14T20:05:20 IST" skipped="0">
  <testcase classname="tests.LoginTest" name="Verify_Error_on_Incorrect_Credentials" time="6.025"/>
  <testcase classname="tests.LoginTest" name="Verify_Username_Field_Present" time="4.371"/>
  <testcase classname="tests.LoginTest" name="Verify_Login_Page_Header" time="6.235"/>
</testsuite> <!-- tests.LoginTest -->
